Started GET "/" for ::1 at 2020-06-11 16:22:06 +0700
  [1m[35m (4.5ms)[0m  [1m[34mSELECT sqlite_version(*)[0m
Processing by Rails::WelcomeController#index as HTML
  Rendering /var/lib/gems/2.5.0/gems/railties-6.0.3.1/lib/rails/templates/rails/welcome/index.html.erb
  Rendered /var/lib/gems/2.5.0/gems/railties-6.0.3.1/lib/rails/templates/rails/welcome/index.html.erb (Duration: 23.1ms | Allocations: 462)
Completed 200 OK in 51ms (Views: 29.1ms | ActiveRecord: 0.0ms | Allocations: 2821)


Started GET "/" for ::1 at 2020-06-12 08:00:54 +0700
  [1m[35m (4.7ms)[0m  [1m[34mSELECT sqlite_version(*)[0m
Processing by Rails::WelcomeController#index as HTML
  Rendering /var/lib/gems/2.5.0/gems/railties-6.0.3.1/lib/rails/templates/rails/welcome/index.html.erb
  Rendered /var/lib/gems/2.5.0/gems/railties-6.0.3.1/lib/rails/templates/rails/welcome/index.html.erb (Duration: 36.0ms | Allocations: 462)
Completed 200 OK in 97ms (Views: 56.3ms | ActiveRecord: 0.0ms | Allocations: 2599)


Started GET "/static_page/home" for ::1 at 2020-06-12 08:01:29 +0700

ActionController::RoutingError (No route matches [GET] "/static_page/home"):

actionpack (6.0.3.1) lib/action_dispatch/middleware/debug_exceptions.rb:36:in `call'
web-console (4.0.2) lib/web_console/middleware.rb:132:in `call_app'
web-console (4.0.2) lib/web_console/middleware.rb:28:in `block in call'
web-console (4.0.2) lib/web_console/middleware.rb:17:in `catch'
web-console (4.0.2) lib/web_console/middleware.rb:17:in `call'
actionpack (6.0.3.1) lib/action_dispatch/middleware/show_exceptions.rb:33:in `call'
railties (6.0.3.1) lib/rails/rack/logger.rb:37:in `call_app'
railties (6.0.3.1) lib/rails/rack/logger.rb:26:in `block in call'
activesupport (6.0.3.1) lib/active_support/tagged_logging.rb:80:in `block in tagged'
activesupport (6.0.3.1) lib/active_support/tagged_logging.rb:28:in `tagged'
activesupport (6.0.3.1) lib/active_support/tagged_logging.rb:80:in `tagged'
railties (6.0.3.1) lib/rails/rack/logger.rb:26:in `call'
sprockets-rails (3.2.1) lib/sprockets/rails/quiet_assets.rb:13:in `call'
actionpack (6.0.3.1) lib/action_dispatch/middleware/remote_ip.rb:81:in `call'
actionpack (6.0.3.1) lib/action_dispatch/middleware/request_id.rb:27:in `call'
rack (2.2.2) lib/rack/method_override.rb:24:in `call'
rack (2.2.2) lib/rack/runtime.rb:22:in `call'
activesupport (6.0.3.1) lib/active_support/cache/strategy/local_cache_middleware.rb:29:in `call'
actionpack (6.0.3.1) lib/action_dispatch/middleware/executor.rb:14:in `call'
actionpack (6.0.3.1) lib/action_dispatch/middleware/static.rb:126:in `call'
rack (2.2.2) lib/rack/sendfile.rb:110:in `call'
actionpack (6.0.3.1) lib/action_dispatch/middleware/host_authorization.rb:82:in `call'
webpacker (4.2.2) lib/webpacker/dev_server_proxy.rb:23:in `perform_request'
rack-proxy (0.6.5) lib/rack/proxy.rb:57:in `call'
railties (6.0.3.1) lib/rails/engine.rb:527:in `call'
puma (4.3.5) lib/puma/configuration.rb:228:in `call'
puma (4.3.5) lib/puma/server.rb:713:in `handle_request'
puma (4.3.5) lib/puma/server.rb:472:in `process_client'
puma (4.3.5) lib/puma/server.rb:328:in `block in run'
puma (4.3.5) lib/puma/thread_pool.rb:134:in `block in spawn_thread'
Started GET "/static_pages/home" for ::1 at 2020-06-12 08:03:02 +0700
Processing by StaticPagesController#home as HTML
  Rendering static_pages/home.html.erb within layouts/application
  Rendered static_pages/home.html.erb within layouts/application (Duration: 1.0ms | Allocations: 96)
[Webpacker] Compiling...
[Webpacker] Compiled all packs in /home/nguyen.van.haob/ruby/sample_app/public/packs
[Webpacker] Hash: 15d1bb7b54cf6326b9ba
Version: webpack 4.43.0
Time: 6272ms
Built at: 06/12/2020 8:03:16 AM
                                     Asset       Size       Chunks                         Chunk Names
    js/application-9afcbb5693aa87623e69.js    124 KiB  application  [emitted] [immutable]  application
js/application-9afcbb5693aa87623e69.js.map    139 KiB  application  [emitted] [dev]        application
                             manifest.json  364 bytes               [emitted]
Entrypoint application = js/application-9afcbb5693aa87623e69.js js/application-9afcbb5693aa87623e69.js.map
[./app/javascript/channels sync recursive _channel\.js$] ./app/javascript/channels sync _channel\.js$ 160 bytes {application} [built]
[./app/javascript/channels/index.js] 211 bytes {application} [built]
[./app/javascript/packs/application.js] 749 bytes {application} [built]
[./node_modules/webpack/buildin/module.js] (webpack)/buildin/module.js 552 bytes {application} [built]
    + 3 hidden modules

Completed 200 OK in 13913ms (Views: 13911.9ms | ActiveRecord: 0.0ms | Allocations: 18597)


Started GET "//static_pages/help" for ::1 at 2020-06-12 08:05:42 +0700
Processing by StaticPagesController#help as HTML
  Rendering static_pages/help.html.erb within layouts/application
  Rendered static_pages/help.html.erb within layouts/application (Duration: 0.5ms | Allocations: 98)
[Webpacker] Everything's up-to-date. Nothing to do
Completed 200 OK in 11ms (Views: 9.2ms | ActiveRecord: 0.0ms | Allocations: 3894)


Started GET "/static_pages/home" for ::1 at 2020-06-12 08:21:28 +0700
  [1m[35m (0.1ms)[0m  [1m[34mSELECT sqlite_version(*)[0m
Processing by StaticPagesController#home as HTML
  Rendering static_pages/home.html.erb within layouts/application
  Rendered static_pages/home.html.erb within layouts/application (Duration: 0.3ms | Allocations: 118)
[Webpacker] Everything's up-to-date. Nothing to do
Completed 200 OK in 12ms (Views: 6.9ms | ActiveRecord: 0.0ms | Allocations: 4708)


Started GET "/static_pages/home" for ::1 at 2020-06-12 08:21:30 +0700
Processing by StaticPagesController#home as HTML
  Rendering static_pages/home.html.erb within layouts/application
  Rendered static_pages/home.html.erb within layouts/application (Duration: 0.1ms | Allocations: 8)
[Webpacker] Everything's up-to-date. Nothing to do
Completed 200 OK in 11ms (Views: 9.9ms | ActiveRecord: 0.0ms | Allocations: 3665)


Started GET "//static_pages/help" for ::1 at 2020-06-12 08:21:33 +0700
Processing by StaticPagesController#help as HTML
  Rendering static_pages/help.html.erb within layouts/application
  Rendered static_pages/help.html.erb within layouts/application (Duration: 1.0ms | Allocations: 95)
[Webpacker] Everything's up-to-date. Nothing to do
Completed 200 OK in 18ms (Views: 15.9ms | ActiveRecord: 0.0ms | Allocations: 3890)


Started GET "//static_pages/help" for ::1 at 2020-06-12 08:21:42 +0700
Processing by StaticPagesController#help as HTML
  Rendering static_pages/help.html.erb within layouts/application
  Rendered static_pages/help.html.erb within layouts/application (Duration: 0.8ms | Allocations: 117)
[Webpacker] Everything's up-to-date. Nothing to do
Completed 200 OK in 20ms (Views: 17.9ms | ActiveRecord: 0.0ms | Allocations: 4695)


Started GET "//static_pages/help" for ::1 at 2020-06-12 08:21:43 +0700
Processing by StaticPagesController#help as HTML
  Rendering static_pages/help.html.erb within layouts/application
  Rendered static_pages/help.html.erb within layouts/application (Duration: 0.2ms | Allocations: 7)
[Webpacker] Everything's up-to-date. Nothing to do
Completed 200 OK in 16ms (Views: 14.0ms | ActiveRecord: 0.0ms | Allocations: 3657)


Started GET "//static_pages/help" for ::1 at 2020-06-12 08:21:43 +0700
Processing by StaticPagesController#help as HTML
  Rendering static_pages/help.html.erb within layouts/application
  Rendered static_pages/help.html.erb within layouts/application (Duration: 0.1ms | Allocations: 7)
[Webpacker] Everything's up-to-date. Nothing to do
Completed 200 OK in 16ms (Views: 14.9ms | ActiveRecord: 0.0ms | Allocations: 3658)


Started GET "//static_pages/help" for ::1 at 2020-06-12 08:21:43 +0700
Processing by StaticPagesController#help as HTML
  Rendering static_pages/help.html.erb within layouts/application
  Rendered static_pages/help.html.erb within layouts/application (Duration: 0.1ms | Allocations: 7)
[Webpacker] Everything's up-to-date. Nothing to do
Completed 200 OK in 18ms (Views: 15.9ms | ActiveRecord: 0.0ms | Allocations: 3658)


Started GET "//static_pages/help" for ::1 at 2020-06-12 08:21:52 +0700
Processing by StaticPagesController#help as HTML
  Rendering static_pages/help.html.erb within layouts/application
  Rendered static_pages/help.html.erb within layouts/application (Duration: 0.1ms | Allocations: 8)
[Webpacker] Everything's up-to-date. Nothing to do
Completed 200 OK in 8ms (Views: 6.7ms | ActiveRecord: 0.0ms | Allocations: 3658)


Started GET "/static_pages/home" for ::1 at 2020-06-12 08:26:15 +0700
Processing by StaticPagesController#home as HTML
  Rendering static_pages/home.html.erb within layouts/application
  Rendered static_pages/home.html.erb within layouts/application (Duration: 0.3ms | Allocations: 112)
[Webpacker] Everything's up-to-date. Nothing to do
Completed 200 OK in 7ms (Views: 5.9ms | ActiveRecord: 0.0ms | Allocations: 3903)


Started GET "/static_pages/home" for ::1 at 2020-06-12 09:00:49 +0700
  [1m[35m (0.1ms)[0m  [1m[34mSELECT sqlite_version(*)[0m
Processing by StaticPagesController#home as HTML
  Rendering static_pages/home.html.erb within layouts/application
  Rendered static_pages/home.html.erb within layouts/application (Duration: 0.3ms | Allocations: 116)
Completed 500 Internal Server Error in 266ms (ActiveRecord: 0.0ms | Allocations: 149217)



ActionView::Template::Error (undefined local variable or method `csp_meta_tags' for #<#<Class:0x00007f79cd31b2f0>:0x00007f79cd319a18>
Did you mean?  csp_meta_tag
               csrf_meta_tags
               csrf_meta_tag):
    3: <head>
    4:   <title><%= full_title yield :title %></title>
    5:   <%= csrf_meta_tags %>
    6:   <%= csp_meta_tags %>
    7:   <%= stylesheet_link_tag "application", media: "all", "data-turbolinks-track": "reload" %>
    8:   <%= javascript_include_tag "application", "data-turbolinks-track": "reload" %>
    9: </head>

app/views/layouts/application.html.erb:6
Started GET "/static_pages/home" for ::1 at 2020-06-12 09:01:55 +0700
Processing by StaticPagesController#home as HTML
  Rendering static_pages/home.html.erb within layouts/application
  Rendered static_pages/home.html.erb within layouts/application (Duration: 0.8ms | Allocations: 111)
Completed 500 Internal Server Error in 22ms (ActiveRecord: 0.0ms | Allocations: 9022)



ActionView::Template::Error (The asset "application.js" is not present in the asset pipeline.):
     5:   <%= csrf_meta_tags %>
     6:   <%= csp_meta_tag %>
     7:   <%= stylesheet_link_tag "application", media: "all", "data-turbolinks-track": "reload" %>
     8:   <%= javascript_include_tag "application", "data-turbolinks-track": "reload" %>
     9: </head>
    10: <body>
    11:   <%= yield %>

app/views/layouts/application.html.erb:8
Started GET "/static_pages/home" for ::1 at 2020-06-12 09:09:14 +0700
  [1m[35m (0.2ms)[0m  [1m[34mSELECT sqlite_version(*)[0m
Processing by StaticPagesController#home as HTML
  Rendering static_pages/home.html.erb within layouts/application
  Rendered static_pages/home.html.erb within layouts/application (Duration: 0.9ms | Allocations: 110)
Completed 200 OK in 14ms (Views: 11.4ms | ActiveRecord: 0.0ms | Allocations: 2902)


Started GET "/static_pages/home" for ::1 at 2020-06-12 09:13:47 +0700
Processing by StaticPagesController#home as HTML
  Rendering static_pages/home.html.erb within layouts/application
  Rendered static_pages/home.html.erb within layouts/application (Duration: 0.9ms | Allocations: 110)
Completed 500 Internal Server Error in 150ms (ActiveRecord: 0.0ms | Allocations: 8593)



ActionView::Template::Error (Asset `application.js` was not declared to be precompiled in production.
Declare links to your assets in `app/assets/config/manifest.js`.

  //= link application.js
and restart your server):
     5:   <%= csrf_meta_tags %>
     6:   <%= csp_meta_tag %>
     7:   <%= stylesheet_link_tag "application", media: "all", "data-turbolinks-track": "reload" %>
     8:   <%= javascript_include_tag "application", "data-turbolinks-track": "reload" %>
     9: </head>
    10: <body>
    11:   <%= yield %>

app/views/layouts/application.html.erb:8
Started GET "/static_pages/home" for ::1 at 2020-06-12 09:14:25 +0700
  [1m[35m (1.9ms)[0m  [1m[34mSELECT sqlite_version(*)[0m
Processing by StaticPagesController#home as HTML
  Rendering static_pages/home.html.erb within layouts/application
  Rendered static_pages/home.html.erb within layouts/application (Duration: 2.5ms | Allocations: 377)
Completed 500 Internal Server Error in 20ms (ActiveRecord: 0.0ms | Allocations: 10197)



ActionView::Template::Error (Asset `application.js` was not declared to be precompiled in production.
Declare links to your assets in `app/assets/config/manifest.js`.

  //= link application.js
and restart your server):
     5:   <%= csrf_meta_tags %>
     6:   <%= csp_meta_tag %>
     7:   <%= stylesheet_link_tag "application", media: "all", "data-turbolinks-track": "reload" %>
     8:   <%= javascript_include_tag "application", "data-turbolinks-track": "reload" %>
     9: </head>
    10: <body>
    11:   <%= yield %>

app/views/layouts/application.html.erb:8
Started GET "/static_pages/home" for ::1 at 2020-06-12 09:15:15 +0700
  [1m[35m (1.2ms)[0m  [1m[34mSELECT sqlite_version(*)[0m
Processing by StaticPagesController#home as HTML
  Rendering static_pages/home.html.erb within layouts/application
  Rendered static_pages/home.html.erb within layouts/application (Duration: 0.8ms | Allocations: 377)
Completed 500 Internal Server Error in 19ms (ActiveRecord: 0.0ms | Allocations: 10197)



ActionView::Template::Error (Asset `application.js` was not declared to be precompiled in production.
Declare links to your assets in `app/assets/config/manifest.js`.

  //= link application.js
and restart your server):
     5:   <%= csrf_meta_tags %>
     6:   <%= csp_meta_tag %>
     7:   <%= stylesheet_link_tag "application", media: "all", "data-turbolinks-track": "reload" %>
     8:   <%= javascript_include_tag "application", "data-turbolinks-track": "reload" %>
     9: </head>
    10: <body>
    11:   <%= yield %>

app/views/layouts/application.html.erb:8
Started GET "/static_pages/home" for ::1 at 2020-06-12 09:16:07 +0700
Processing by StaticPagesController#home as HTML
  Rendering static_pages/home.html.erb within layouts/application
  Rendered static_pages/home.html.erb within layouts/application (Duration: 0.2ms | Allocations: 8)
Completed 500 Internal Server Error in 138ms (ActiveRecord: 0.0ms | Allocations: 7825)



ActionView::Template::Error (Asset `application.js` was not declared to be precompiled in production.
Declare links to your assets in `app/assets/config/manifest.js`.

  //= link application.js
and restart your server):
     5:   <%= csrf_meta_tags %>
     6:   <%= csp_meta_tag %>
     7:   <%= stylesheet_link_tag "application", media: "all", "data-turbolinks-track": "reload" %>
     8:   <%= javascript_include_tag "application", "data-turbolinks-track": "reload" %>
     9: </head>
    10: <body>
    11:   <%= yield %>

app/views/layouts/application.html.erb:8
Started GET "/static_pages/home" for ::1 at 2020-06-12 09:17:25 +0700
Processing by StaticPagesController#home as HTML
  Rendering static_pages/home.html.erb within layouts/application
  Rendered static_pages/home.html.erb within layouts/application (Duration: 0.8ms | Allocations: 111)
Completed 200 OK in 9ms (Views: 7.1ms | ActiveRecord: 0.0ms | Allocations: 2915)
Started GET "/en/static_pages/help" for ::1 at 2020-06-12 15:10:21 +0700
  [1m[35m (0.8ms)[0m  [1m[34mSELECT sqlite_version(*)[0m
Processing by StaticPagesController#help as HTML
  Parameters: {"locale"=>"en"}
  Rendering static_pages/help.html.erb within layouts/application
  Rendered static_pages/help.html.erb within layouts/application (Duration: 26.6ms | Allocations: 12323)
Completed 500 Internal Server Error in 36ms (ActiveRecord: 0.0ms | Allocations: 15039)


  
ActionView::Template::Error (wrong number of arguments (given 2, expected 1)):
    3:   <%= t "get_help_rails" %>
    4:   <%= link_to "Rails Tutorial help page", "http://www.railstutorial.org/help" %>
    5:   <%= t "get_help" %>
    6:   <%= link_to t "ruby_rails", "http://www.railstutorial.org/book" %>
    7: </p>
  
app/views/static_pages/help.html.erb:6
Started GET "/en/static_pages/help" for ::1 at 2020-06-12 15:11:02 +0700
Processing by StaticPagesController#help as HTML
  Parameters: {"locale"=>"en"}
  Rendering static_pages/help.html.erb within layouts/application
  Rendered static_pages/help.html.erb within layouts/application (Duration: 2.9ms | Allocations: 2332)
Completed 500 Internal Server Error in 6ms (ActiveRecord: 0.0ms | Allocations: 3590)


  
ActionView::Template::Error (wrong number of arguments (given 2, expected 1)):
    3:   <%= t "get_help_rails" %>
    4:   <%= link_to "Rails Tutorial help page", "http://www.railstutorial.org/help" %>
    5:   <%= t "get_help" %>
    6:   <%= link_to t "ruby_rails", "http://www.railstutorial.org/book" %>
    7: </p>
  
app/views/static_pages/help.html.erb:6
Started GET "/en/static_pages/help" for ::1 at 2020-06-12 15:11:03 +0700
Processing by StaticPagesController#help as HTML
  Parameters: {"locale"=>"en"}
  Rendering static_pages/help.html.erb within layouts/application
  Rendered static_pages/help.html.erb within layouts/application (Duration: 1.4ms | Allocations: 2145)
Completed 500 Internal Server Error in 3ms (ActiveRecord: 0.0ms | Allocations: 2634)


  
ActionView::Template::Error (wrong number of arguments (given 2, expected 1)):
    3:   <%= t "get_help_rails" %>
    4:   <%= link_to "Rails Tutorial help page", "http://www.railstutorial.org/help" %>
    5:   <%= t "get_help" %>
    6:   <%= link_to t "ruby_rails", "http://www.railstutorial.org/book" %>
    7: </p>
  
app/views/static_pages/help.html.erb:6
Started GET "/en/static_pages/help" for ::1 at 2020-06-12 15:11:14 +0700
Processing by StaticPagesController#help as HTML
  Parameters: {"locale"=>"en"}
  Rendering static_pages/help.html.erb within layouts/application
  Rendered static_pages/help.html.erb within layouts/application (Duration: 4.1ms | Allocations: 2324)
Completed 500 Internal Server Error in 8ms (ActiveRecord: 0.0ms | Allocations: 3563)


  
ActionView::Template::Error (wrong number of arguments (given 2, expected 1)):
    3:   <%= t "get_help_rails" %>
    4:   <%= link_to "Rails Tutorial help page", "http://www.railstutorial.org/help" %>
    5:   <%= t "get_help" %>
    6:   <%= link_to t "ruby_rails", "http://www.railstutorial.org/book" %>
    7: </p>
  
app/views/static_pages/help.html.erb:6
Started GET "/en/static_pages/help" for ::1 at 2020-06-12 15:11:16 +0700
Processing by StaticPagesController#help as HTML
  Parameters: {"locale"=>"en"}
  Rendering static_pages/help.html.erb within layouts/application
  Rendered static_pages/help.html.erb within layouts/application (Duration: 2.3ms | Allocations: 2145)
Completed 500 Internal Server Error in 5ms (ActiveRecord: 0.0ms | Allocations: 2634)


  
ActionView::Template::Error (wrong number of arguments (given 2, expected 1)):
    3:   <%= t "get_help_rails" %>
    4:   <%= link_to "Rails Tutorial help page", "http://www.railstutorial.org/help" %>
    5:   <%= t "get_help" %>
    6:   <%= link_to t "ruby_rails", "http://www.railstutorial.org/book" %>
    7: </p>
  
app/views/static_pages/help.html.erb:6
Started GET "/en/static_pages/help" for ::1 at 2020-06-12 15:11:17 +0700
Processing by StaticPagesController#help as HTML
  Parameters: {"locale"=>"en"}
  Rendering static_pages/help.html.erb within layouts/application
  Rendered static_pages/help.html.erb within layouts/application (Duration: 0.9ms | Allocations: 2143)
Completed 500 Internal Server Error in 2ms (ActiveRecord: 0.0ms | Allocations: 2629)


  
ActionView::Template::Error (wrong number of arguments (given 2, expected 1)):
    3:   <%= t "get_help_rails" %>
    4:   <%= link_to "Rails Tutorial help page", "http://www.railstutorial.org/help" %>
    5:   <%= t "get_help" %>
    6:   <%= link_to t "ruby_rails", "http://www.railstutorial.org/book" %>
    7: </p>
  
app/views/static_pages/help.html.erb:6
Started GET "/en/static_pages/home" for ::1 at 2020-06-12 15:11:22 +0700
Processing by StaticPagesController#home as HTML
  Parameters: {"locale"=>"en"}
  Rendering static_pages/home.html.erb within layouts/application
  Rendered static_pages/home.html.erb within layouts/application (Duration: 1.4ms | Allocations: 1532)
[Webpacker] Everything's up-to-date. Nothing to do
Completed 200 OK in 30ms (Views: 29.0ms | ActiveRecord: 0.0ms | Allocations: 10649)


Started GET "/en/static_pages/home" for ::1 at 2020-06-12 15:11:42 +0700
Processing by StaticPagesController#home as HTML
  Parameters: {"locale"=>"en"}
  Rendering static_pages/home.html.erb within layouts/application
  Rendered static_pages/home.html.erb within layouts/application (Duration: 1.9ms | Allocations: 1519)
[Webpacker] Everything's up-to-date. Nothing to do
Completed 200 OK in 17ms (Views: 14.9ms | ActiveRecord: 0.0ms | Allocations: 6612)


Started GET "/en/static_pages/home" for ::1 at 2020-06-12 15:11:43 +0700
Processing by StaticPagesController#home as HTML
  Parameters: {"locale"=>"en"}
  Rendering static_pages/home.html.erb within layouts/application
  Rendered static_pages/home.html.erb within layouts/application (Duration: 2.0ms | Allocations: 1378)
[Webpacker] Everything's up-to-date. Nothing to do
Completed 200 OK in 19ms (Views: 17.1ms | ActiveRecord: 0.0ms | Allocations: 5468)


Started GET "/en/static_pages/home" for ::1 at 2020-06-12 15:12:09 +0700
Processing by StaticPagesController#home as HTML
  Parameters: {"locale"=>"en"}
  Rendering static_pages/home.html.erb within layouts/application
  Rendered static_pages/home.html.erb within layouts/application (Duration: 0.8ms | Allocations: 1128)
[Webpacker] Everything's up-to-date. Nothing to do
Completed 200 OK in 7ms (Views: 6.5ms | ActiveRecord: 0.0ms | Allocations: 6219)


Started GET "/en/static_pages/home" for ::1 at 2020-06-12 15:12:23 +0700
Processing by StaticPagesController#home as HTML
  Parameters: {"locale"=>"en"}
  Rendering static_pages/home.html.erb within layouts/application
  Rendered static_pages/home.html.erb within layouts/application (Duration: 2.8ms | Allocations: 1121)
[Webpacker] Everything's up-to-date. Nothing to do
Completed 200 OK in 19ms (Views: 16.2ms | ActiveRecord: 0.0ms | Allocations: 6214)


Started GET "/en/static_pages/home" for ::1 at 2020-06-12 15:12:24 +0700
Processing by StaticPagesController#home as HTML
  Parameters: {"locale"=>"en"}
  Rendering static_pages/home.html.erb within layouts/application
  Rendered static_pages/home.html.erb within layouts/application (Duration: 0.6ms | Allocations: 980)
[Webpacker] Everything's up-to-date. Nothing to do
Completed 200 OK in 6ms (Views: 5.7ms | ActiveRecord: 0.0ms | Allocations: 5074)


Started GET "/en/static_pages/home" for ::1 at 2020-06-12 15:12:47 +0700
Processing by StaticPagesController#home as HTML
  Parameters: {"locale"=>"en"}
  Rendering static_pages/home.html.erb within layouts/application
  Rendered static_pages/home.html.erb within layouts/application (Duration: 1.8ms | Allocations: 1130)
[Webpacker] Everything's up-to-date. Nothing to do
Completed 200 OK in 17ms (Views: 14.8ms | ActiveRecord: 0.0ms | Allocations: 6224)


Started GET "/en/static_pages/home" for ::1 at 2020-06-12 15:12:47 +0700
Processing by StaticPagesController#home as HTML
  Parameters: {"locale"=>"en"}
  Rendering static_pages/home.html.erb within layouts/application
  Rendered static_pages/home.html.erb within layouts/application (Duration: 1.1ms | Allocations: 988)
[Webpacker] Everything's up-to-date. Nothing to do
Completed 200 OK in 13ms (Views: 11.5ms | ActiveRecord: 0.0ms | Allocations: 5083)


Started GET "/en/static_pages/home" for ::1 at 2020-06-12 15:12:47 +0700
Processing by StaticPagesController#home as HTML
  Parameters: {"locale"=>"en"}
  Rendering static_pages/home.html.erb within layouts/application
  Rendered static_pages/home.html.erb within layouts/application (Duration: 1.0ms | Allocations: 986)
[Webpacker] Everything's up-to-date. Nothing to do
Completed 200 OK in 12ms (Views: 10.9ms | ActiveRecord: 0.0ms | Allocations: 5075)


Started GET "/en/static_pages/home" for ::1 at 2020-06-12 15:12:48 +0700
Processing by StaticPagesController#home as HTML
  Parameters: {"locale"=>"en"}
  Rendering static_pages/home.html.erb within layouts/application
  Rendered static_pages/home.html.erb within layouts/application (Duration: 1.0ms | Allocations: 986)
[Webpacker] Everything's up-to-date. Nothing to do
Completed 200 OK in 12ms (Views: 10.6ms | ActiveRecord: 0.0ms | Allocations: 5080)


Started GET "/vi/static_pages/home" for ::1 at 2020-06-12 15:12:52 +0700
Processing by StaticPagesController#home as HTML
  Parameters: {"locale"=>"vi"}
  Rendering static_pages/home.html.erb within layouts/application
  Rendered static_pages/home.html.erb within layouts/application (Duration: 2.1ms | Allocations: 993)
[Webpacker] Everything's up-to-date. Nothing to do
Completed 200 OK in 18ms (Views: 15.8ms | ActiveRecord: 0.0ms | Allocations: 5595)


Started GET "/vi/static_pages/home" for ::1 at 2020-06-12 15:12:55 +0700
Processing by StaticPagesController#home as HTML
  Parameters: {"locale"=>"vi"}
  Rendering static_pages/home.html.erb within layouts/application
  Rendered static_pages/home.html.erb within layouts/application (Duration: 1.5ms | Allocations: 988)
[Webpacker] Everything's up-to-date. Nothing to do
Completed 200 OK in 15ms (Views: 13.5ms | ActiveRecord: 0.0ms | Allocations: 5078)


Started GET "/en/static_pages/home" for ::1 at 2020-06-12 15:12:56 +0700
Processing by StaticPagesController#home as HTML
  Parameters: {"locale"=>"en"}
  Rendering static_pages/home.html.erb within layouts/application
  Rendered static_pages/home.html.erb within layouts/application (Duration: 1.7ms | Allocations: 988)
[Webpacker] Everything's up-to-date. Nothing to do
Completed 200 OK in 18ms (Views: 16.5ms | ActiveRecord: 0.0ms | Allocations: 5079)


Started GET "/vi/static_pages/home" for ::1 at 2020-06-12 15:12:57 +0700
Processing by StaticPagesController#home as HTML
  Parameters: {"locale"=>"vi"}
  Rendering static_pages/home.html.erb within layouts/application
  Rendered static_pages/home.html.erb within layouts/application (Duration: 2.4ms | Allocations: 988)
[Webpacker] Everything's up-to-date. Nothing to do
Completed 200 OK in 20ms (Views: 18.6ms | ActiveRecord: 0.0ms | Allocations: 5078)


Started GET "/en/static_pages/home" for ::1 at 2020-06-12 15:12:58 +0700
Processing by StaticPagesController#home as HTML
  Parameters: {"locale"=>"en"}
  Rendering static_pages/home.html.erb within layouts/application
  Rendered static_pages/home.html.erb within layouts/application (Duration: 1.8ms | Allocations: 988)
[Webpacker] Everything's up-to-date. Nothing to do
Completed 200 OK in 20ms (Views: 17.8ms | ActiveRecord: 0.0ms | Allocations: 5083)


Started GET "/en/static_pages/home" for ::1 at 2020-06-12 15:13:04 +0700
Processing by StaticPagesController#home as HTML
  Parameters: {"locale"=>"en"}
  Rendering static_pages/home.html.erb within layouts/application
  Rendered static_pages/home.html.erb within layouts/application (Duration: 2.4ms | Allocations: 761)
[Webpacker] Everything's up-to-date. Nothing to do
Completed 200 OK in 16ms (Views: 13.1ms | ActiveRecord: 0.0ms | Allocations: 5853)


Started GET "/vi/static_pages/home" for ::1 at 2020-06-12 15:13:06 +0700
Processing by StaticPagesController#home as HTML
  Parameters: {"locale"=>"vi"}
  Rendering static_pages/home.html.erb within layouts/application
  Rendered static_pages/home.html.erb within layouts/application (Duration: 1.4ms | Allocations: 609)
[Webpacker] Everything's up-to-date. Nothing to do
Completed 200 OK in 22ms (Views: 19.5ms | ActiveRecord: 0.0ms | Allocations: 5217)


Started GET "/en/static_pages/home" for ::1 at 2020-06-12 15:13:09 +0700
Processing by StaticPagesController#home as HTML
  Parameters: {"locale"=>"en"}
  Rendering static_pages/home.html.erb within layouts/application
  Rendered static_pages/home.html.erb within layouts/application (Duration: 0.4ms | Allocations: 609)
[Webpacker] Everything's up-to-date. Nothing to do
Completed 200 OK in 6ms (Views: 5.3ms | ActiveRecord: 0.0ms | Allocations: 4700)


Started GET "/vi/static_pages/home" for ::1 at 2020-06-12 15:13:09 +0700
Processing by StaticPagesController#home as HTML
  Parameters: {"locale"=>"vi"}
  Rendering static_pages/home.html.erb within layouts/application
  Rendered static_pages/home.html.erb within layouts/application (Duration: 1.2ms | Allocations: 609)
[Webpacker] Everything's up-to-date. Nothing to do
Completed 200 OK in 20ms (Views: 18.7ms | ActiveRecord: 0.0ms | Allocations: 4697)


Started GET "/en/static_pages/home" for ::1 at 2020-06-12 15:13:10 +0700
Processing by StaticPagesController#home as HTML
  Parameters: {"locale"=>"en"}
  Rendering static_pages/home.html.erb within layouts/application
  Rendered static_pages/home.html.erb within layouts/application (Duration: 1.2ms | Allocations: 609)
[Webpacker] Everything's up-to-date. Nothing to do
Completed 200 OK in 19ms (Views: 17.3ms | ActiveRecord: 0.0ms | Allocations: 4696)


Started GET "/vi/static_pages/home" for ::1 at 2020-06-12 15:13:11 +0700
Processing by StaticPagesController#home as HTML
  Parameters: {"locale"=>"vi"}
  Rendering static_pages/home.html.erb within layouts/application
  Rendered static_pages/home.html.erb within layouts/application (Duration: 1.4ms | Allocations: 609)
[Webpacker] Everything's up-to-date. Nothing to do
Completed 200 OK in 21ms (Views: 19.2ms | ActiveRecord: 0.0ms | Allocations: 4701)


Started GET "/en/static_pages/home" for ::1 at 2020-06-12 15:13:11 +0700
Processing by StaticPagesController#home as HTML
  Parameters: {"locale"=>"en"}
  Rendering static_pages/home.html.erb within layouts/application
  Rendered static_pages/home.html.erb within layouts/application (Duration: 2.0ms | Allocations: 609)
[Webpacker] Everything's up-to-date. Nothing to do
Completed 200 OK in 23ms (Views: 19.9ms | ActiveRecord: 0.0ms | Allocations: 4698)


Started GET "/vi/static_pages/home" for ::1 at 2020-06-12 15:13:12 +0700
Processing by StaticPagesController#home as HTML
  Parameters: {"locale"=>"vi"}
  Rendering static_pages/home.html.erb within layouts/application
  Rendered static_pages/home.html.erb within layouts/application (Duration: 2.0ms | Allocations: 609)
[Webpacker] Everything's up-to-date. Nothing to do
Completed 200 OK in 15ms (Views: 13.2ms | ActiveRecord: 0.0ms | Allocations: 4701)


Started GET "/en/static_pages/home" for ::1 at 2020-06-12 15:13:13 +0700
Processing by StaticPagesController#home as HTML
  Parameters: {"locale"=>"en"}
  Rendering static_pages/home.html.erb within layouts/application
  Rendered static_pages/home.html.erb within layouts/application (Duration: 1.6ms | Allocations: 609)
[Webpacker] Everything's up-to-date. Nothing to do
Completed 200 OK in 22ms (Views: 19.6ms | ActiveRecord: 0.0ms | Allocations: 4697)


Started GET "/en/static_pages/home" for ::1 at 2020-06-12 15:13:32 +0700
Processing by StaticPagesController#home as HTML
  Parameters: {"locale"=>"en"}
  Rendering static_pages/home.html.erb within layouts/application
  Rendered static_pages/home.html.erb within layouts/application (Duration: 3.1ms | Allocations: 1066)
Completed 500 Internal Server Error in 11ms (ActiveRecord: 0.0ms | Allocations: 2304)


  
ActionView::Template::Error (wrong number of arguments (given 2, expected 1)):
    1: <h1><%= t ".home" %></h1>
    2: <p>
    3:   <%= t ".sample_app" %>
    4:   <%= link_to t ".ruby_rails", "http://www.railstutorial.org/" %>
    5: </p>
  
app/views/static_pages/home.html.erb:4
Started GET "/en/static_pages/home" for ::1 at 2020-06-12 15:13:50 +0700
Processing by StaticPagesController#home as HTML
  Parameters: {"locale"=>"en"}
  Rendering static_pages/home.html.erb within layouts/application
  Rendered static_pages/home.html.erb within layouts/application (Duration: 1.7ms | Allocations: 241)
[Webpacker] Everything's up-to-date. Nothing to do
Completed 200 OK in 22ms (Views: 19.4ms | ActiveRecord: 0.0ms | Allocations: 5438)


Started GET "/en/static_pages/home" for ::1 at 2020-06-12 15:13:52 +0700
Processing by StaticPagesController#home as HTML
  Parameters: {"locale"=>"en"}
  Rendering static_pages/home.html.erb within layouts/application
  Rendered static_pages/home.html.erb within layouts/application (Duration: 0.9ms | Allocations: 95)
[Webpacker] Everything's up-to-date. Nothing to do
Completed 200 OK in 24ms (Views: 21.7ms | ActiveRecord: 0.0ms | Allocations: 4283)


Started GET "/vi/static_pages/home" for ::1 at 2020-06-12 15:13:53 +0700
Processing by StaticPagesController#home as HTML
  Parameters: {"locale"=>"vi"}
  Rendering static_pages/home.html.erb within layouts/application
  Rendered static_pages/home.html.erb within layouts/application (Duration: 0.8ms | Allocations: 96)
[Webpacker] Everything's up-to-date. Nothing to do
Completed 200 OK in 21ms (Views: 18.3ms | ActiveRecord: 0.0ms | Allocations: 4793)


Started GET "/en/static_pages/home" for ::1 at 2020-06-12 15:13:55 +0700
Processing by StaticPagesController#home as HTML
  Parameters: {"locale"=>"en"}
  Rendering static_pages/home.html.erb within layouts/application
  Rendered static_pages/home.html.erb within layouts/application (Duration: 0.3ms | Allocations: 95)
[Webpacker] Everything's up-to-date. Nothing to do
Completed 200 OK in 9ms (Views: 7.7ms | ActiveRecord: 0.0ms | Allocations: 4281)


Started GET "/en/static_pages/home" for ::1 at 2020-06-12 15:14:12 +0700
Processing by StaticPagesController#home as HTML
  Parameters: {"locale"=>"en"}
  Rendering static_pages/home.html.erb within layouts/application
  Rendered static_pages/home.html.erb within layouts/application (Duration: 1.0ms | Allocations: 236)
[Webpacker] Everything's up-to-date. Nothing to do
Completed 200 OK in 12ms (Views: 10.5ms | ActiveRecord: 0.0ms | Allocations: 5064)


Started GET "/vi/static_pages/home" for ::1 at 2020-06-12 15:14:13 +0700
Processing by StaticPagesController#home as HTML
  Parameters: {"locale"=>"vi"}
  Rendering static_pages/home.html.erb within layouts/application
  Rendered static_pages/home.html.erb within layouts/application (Duration: 0.2ms | Allocations: 95)
[Webpacker] Everything's up-to-date. Nothing to do
Completed 200 OK in 7ms (Views: 6.1ms | ActiveRecord: 0.0ms | Allocations: 4432)


Started GET "/vi/static_pages/home" for ::1 at 2020-06-12 15:14:14 +0700
Processing by StaticPagesController#home as HTML
  Parameters: {"locale"=>"vi"}
  Rendering static_pages/home.html.erb within layouts/application
  Rendered static_pages/home.html.erb within layouts/application (Duration: 0.3ms | Allocations: 95)
[Webpacker] Everything's up-to-date. Nothing to do
Completed 200 OK in 9ms (Views: 7.7ms | ActiveRecord: 0.0ms | Allocations: 3924)


Started GET "/en/static_pages/home" for ::1 at 2020-06-12 15:14:15 +0700
Processing by StaticPagesController#home as HTML
  Parameters: {"locale"=>"en"}
  Rendering static_pages/home.html.erb within layouts/application
  Rendered static_pages/home.html.erb within layouts/application (Duration: 0.5ms | Allocations: 95)
[Webpacker] Everything's up-to-date. Nothing to do
Completed 200 OK in 18ms (Views: 15.9ms | ActiveRecord: 0.0ms | Allocations: 3917)


Started GET "/vi/static_pages/home" for ::1 at 2020-06-12 15:14:16 +0700
Processing by StaticPagesController#home as HTML
  Parameters: {"locale"=>"vi"}
  Rendering static_pages/home.html.erb within layouts/application
  Rendered static_pages/home.html.erb within layouts/application (Duration: 0.3ms | Allocations: 95)
[Webpacker] Everything's up-to-date. Nothing to do
Completed 200 OK in 11ms (Views: 9.6ms | ActiveRecord: 0.0ms | Allocations: 3923)


Started GET "/en/static_pages/home" for ::1 at 2020-06-12 15:14:17 +0700
Processing by StaticPagesController#home as HTML
  Parameters: {"locale"=>"en"}
  Rendering static_pages/home.html.erb within layouts/application
  Rendered static_pages/home.html.erb within layouts/application (Duration: 0.6ms | Allocations: 95)
[Webpacker] Everything's up-to-date. Nothing to do
Completed 200 OK in 18ms (Views: 15.8ms | ActiveRecord: 0.0ms | Allocations: 3926)


Started GET "/vi/static_pages/home" for ::1 at 2020-06-12 15:14:17 +0700
Processing by StaticPagesController#home as HTML
  Parameters: {"locale"=>"vi"}
  Rendering static_pages/home.html.erb within layouts/application
  Rendered static_pages/home.html.erb within layouts/application (Duration: 0.6ms | Allocations: 95)
[Webpacker] Everything's up-to-date. Nothing to do
Completed 200 OK in 19ms (Views: 16.9ms | ActiveRecord: 0.0ms | Allocations: 3917)


Started GET "/en/static_pages/home" for ::1 at 2020-06-12 15:14:18 +0700
Processing by StaticPagesController#home as HTML
  Parameters: {"locale"=>"en"}
  Rendering static_pages/home.html.erb within layouts/application
  Rendered static_pages/home.html.erb within layouts/application (Duration: 0.6ms | Allocations: 95)
[Webpacker] Everything's up-to-date. Nothing to do
Completed 200 OK in 20ms (Views: 18.2ms | ActiveRecord: 0.0ms | Allocations: 3920)


Started GET "/vi/static_pages/home" for ::1 at 2020-06-12 15:14:38 +0700
Processing by StaticPagesController#home as HTML
  Parameters: {"locale"=>"vi"}
  Rendering static_pages/home.html.erb within layouts/application
  Rendered static_pages/home.html.erb within layouts/application (Duration: 1.0ms | Allocations: 95)
[Webpacker] Everything's up-to-date. Nothing to do
Completed 200 OK in 23ms (Views: 20.1ms | ActiveRecord: 0.0ms | Allocations: 3924)


Started GET "/vi/static_pages/home" for ::1 at 2020-06-12 15:15:07 +0700
Processing by StaticPagesController#home as HTML
  Parameters: {"locale"=>"vi"}
  Rendering static_pages/home.html.erb within layouts/application
  Rendered static_pages/home.html.erb within layouts/application (Duration: 0.5ms | Allocations: 236)
[Webpacker] Everything's up-to-date. Nothing to do
Completed 200 OK in 9ms (Views: 7.7ms | ActiveRecord: 0.0ms | Allocations: 5050)


Started GET "/en/static_pages/help" for ::1 at 2020-06-12 15:15:28 +0700
Processing by StaticPagesController#help as HTML
  Parameters: {"locale"=>"en"}
  Rendering static_pages/help.html.erb within layouts/application
  Rendered static_pages/help.html.erb within layouts/application (Duration: 2.6ms | Allocations: 1642)
[Webpacker] Everything's up-to-date. Nothing to do
Completed 200 OK in 20ms (Views: 17.7ms | ActiveRecord: 0.0ms | Allocations: 6399)


Started GET "/vi/static_pages/help" for ::1 at 2020-06-12 15:15:30 +0700
Processing by StaticPagesController#help as HTML
  Parameters: {"locale"=>"vi"}
  Rendering static_pages/help.html.erb within layouts/application
  Rendered static_pages/help.html.erb within layouts/application (Duration: 2.3ms | Allocations: 1454)
[Webpacker] Everything's up-to-date. Nothing to do
Completed 200 OK in 18ms (Views: 14.7ms | ActiveRecord: 0.0ms | Allocations: 5699)


Started GET "/en/static_pages/help" for ::1 at 2020-06-12 15:15:32 +0700
Processing by StaticPagesController#help as HTML
  Parameters: {"locale"=>"en"}
  Rendering static_pages/help.html.erb within layouts/application
  Rendered static_pages/help.html.erb within layouts/application (Duration: 2.0ms | Allocations: 1454)
[Webpacker] Everything's up-to-date. Nothing to do
Completed 200 OK in 17ms (Views: 14.8ms | ActiveRecord: 0.0ms | Allocations: 5187)


Started GET "/vi/static_pages/help" for ::1 at 2020-06-12 15:15:32 +0700
Processing by StaticPagesController#help as HTML
  Parameters: {"locale"=>"vi"}
  Rendering static_pages/help.html.erb within layouts/application
  Rendered static_pages/help.html.erb within layouts/application (Duration: 3.0ms | Allocations: 1454)
[Webpacker] Everything's up-to-date. Nothing to do
Completed 200 OK in 20ms (Views: 17.5ms | ActiveRecord: 0.0ms | Allocations: 5184)


Started GET "/en/static_pages/help" for ::1 at 2020-06-12 15:15:34 +0700
Processing by StaticPagesController#help as HTML
  Parameters: {"locale"=>"en"}
  Rendering static_pages/help.html.erb within layouts/application
  Rendered static_pages/help.html.erb within layouts/application (Duration: 2.8ms | Allocations: 1454)
[Webpacker] Everything's up-to-date. Nothing to do
Completed 200 OK in 19ms (Views: 16.8ms | ActiveRecord: 0.0ms | Allocations: 5185)


Started GET "/en/static_pages/help" for ::1 at 2020-06-12 15:15:51 +0700
Processing by StaticPagesController#help as HTML
  Parameters: {"locale"=>"en"}
  Rendering static_pages/help.html.erb within layouts/application
  Rendered static_pages/help.html.erb within layouts/application (Duration: 1.6ms | Allocations: 840)
[Webpacker] Everything's up-to-date. Nothing to do
Completed 200 OK in 15ms (Views: 13.2ms | ActiveRecord: 0.0ms | Allocations: 5575)


Started GET "/en/static_pages/help" for ::1 at 2020-06-12 15:17:35 +0700
  [1m[35m (0.1ms)[0m  [1m[34mSELECT sqlite_version(*)[0m
Processing by StaticPagesController#help as HTML
  Parameters: {"locale"=>"en"}
  Rendering static_pages/help.html.erb within layouts/application
  Rendered static_pages/help.html.erb within layouts/application (Duration: 3.9ms | Allocations: 3641)
[Webpacker] Everything's up-to-date. Nothing to do
Completed 200 OK in 10ms (Views: 8.8ms | ActiveRecord: 0.0ms | Allocations: 7919)


Started GET "/en/static_pages/help" for ::1 at 2020-06-12 15:18:08 +0700
  [1m[35m (0.1ms)[0m  [1m[34mSELECT sqlite_version(*)[0m
Processing by StaticPagesController#help as HTML
  Parameters: {"locale"=>"en"}
  Rendering static_pages/help.html.erb within layouts/application
  Rendered static_pages/help.html.erb within layouts/application (Duration: 3.6ms | Allocations: 3633)
[Webpacker] Everything's up-to-date. Nothing to do
Completed 200 OK in 10ms (Views: 9.5ms | ActiveRecord: 0.0ms | Allocations: 7908)


Started GET "/en/static_pages/home" for ::1 at 2020-06-12 15:18:13 +0700
Processing by StaticPagesController#home as HTML
  Parameters: {"locale"=>"en"}
  Rendering static_pages/home.html.erb within layouts/application
  Rendered static_pages/home.html.erb within layouts/application (Duration: 1.6ms | Allocations: 242)
[Webpacker] Everything's up-to-date. Nothing to do
Completed 200 OK in 19ms (Views: 16.5ms | ActiveRecord: 0.0ms | Allocations: 4242)


Started GET "/en/static_pages/help" for ::1 at 2020-06-12 15:18:46 +0700
Processing by StaticPagesController#help as HTML
  Parameters: {"locale"=>"en"}
  Rendering static_pages/help.html.erb within layouts/application
  Rendered static_pages/help.html.erb within layouts/application (Duration: 0.8ms | Allocations: 825)
[Webpacker] Everything's up-to-date. Nothing to do
Completed 200 OK in 8ms (Views: 7.3ms | ActiveRecord: 0.0ms | Allocations: 5937)


Started GET "/en/static_pages/help" for ::1 at 2020-06-12 15:20:34 +0700
  [1m[35m (0.1ms)[0m  [1m[34mSELECT sqlite_version(*)[0m
Processing by StaticPagesController#help as HTML
  Parameters: {"locale"=>"en"}
  Rendering static_pages/help.html.erb within layouts/application
  Rendered static_pages/help.html.erb within layouts/application (Duration: 0.7ms | Allocations: 781)
[Webpacker] Everything's up-to-date. Nothing to do
Completed 200 OK in 7ms (Views: 6.3ms | ActiveRecord: 0.0ms | Allocations: 5889)


Started GET "/en/static_pages/home" for ::1 at 2020-06-12 15:20:36 +0700
Processing by StaticPagesController#home as HTML
  Parameters: {"locale"=>"en"}
  Rendering static_pages/home.html.erb within layouts/application
  Rendered static_pages/home.html.erb within layouts/application (Duration: 1.5ms | Allocations: 236)
[Webpacker] Everything's up-to-date. Nothing to do
Completed 200 OK in 18ms (Views: 15.6ms | ActiveRecord: 0.0ms | Allocations: 4236)


Started GET "/en/static_pages/home" for ::1 at 2020-06-12 15:22:43 +0700
  [1m[35m (0.1ms)[0m  [1m[34mSELECT sqlite_version(*)[0m
Processing by StaticPagesController#home as HTML
  Parameters: {"locale"=>"en"}
  Rendering static_pages/home.html.erb within layouts/application
  Rendered static_pages/home.html.erb within layouts/application (Duration: 0.3ms | Allocations: 96)
[Webpacker] Everything's up-to-date. Nothing to do
Completed 200 OK in 7ms (Views: 6.2ms | ActiveRecord: 0.0ms | Allocations: 4411)


Started GET "/en/static_pages/help" for ::1 at 2020-06-12 15:26:30 +0700
  [1m[35m (0.1ms)[0m  [1m[34mSELECT sqlite_version(*)[0m
Processing by StaticPagesController#help as HTML
  Parameters: {"locale"=>"en"}
  Rendering static_pages/help.html.erb within layouts/application
  Rendered static_pages/help.html.erb within layouts/application (Duration: 8.7ms | Allocations: 4010)
[Webpacker] Everything's up-to-date. Nothing to do
Completed 200 OK in 16ms (Views: 15.0ms | ActiveRecord: 0.0ms | Allocations: 9129)


Started GET "/en/static_pages/home" for ::1 at 2020-06-12 15:26:36 +0700
Processing by StaticPagesController#home as HTML
  Parameters: {"locale"=>"en"}
  Rendering static_pages/home.html.erb within layouts/application
  Rendered static_pages/home.html.erb within layouts/application (Duration: 2.8ms | Allocations: 754)
[Webpacker] Everything's up-to-date. Nothing to do
Completed 200 OK in 21ms (Views: 18.2ms | ActiveRecord: 0.0ms | Allocations: 4655)


Started GET "/vi/static_pages/home" for ::1 at 2020-06-12 15:26:38 +0700
Processing by StaticPagesController#home as HTML
  Parameters: {"locale"=>"vi"}
  Rendering static_pages/home.html.erb within layouts/application
  Rendered static_pages/home.html.erb within layouts/application (Duration: 0.4ms | Allocations: 613)
[Webpacker] Everything's up-to-date. Nothing to do
Completed 200 OK in 6ms (Views: 5.7ms | ActiveRecord: 0.0ms | Allocations: 4858)


Started GET "/en/static_pages/home" for ::1 at 2020-06-12 15:26:42 +0700
Processing by StaticPagesController#home as HTML
  Parameters: {"locale"=>"en"}
  Rendering static_pages/home.html.erb within layouts/application
  Rendered static_pages/home.html.erb within layouts/application (Duration: 1.8ms | Allocations: 612)
[Webpacker] Everything's up-to-date. Nothing to do
Completed 200 OK in 23ms (Views: 20.1ms | ActiveRecord: 0.0ms | Allocations: 4339)


Started GET "/vi/static_pages/home" for ::1 at 2020-06-12 15:26:43 +0700
Processing by StaticPagesController#home as HTML
  Parameters: {"locale"=>"vi"}
  Rendering static_pages/home.html.erb within layouts/application
  Rendered static_pages/home.html.erb within layouts/application (Duration: 0.8ms | Allocations: 612)
[Webpacker] Everything's up-to-date. Nothing to do
Completed 200 OK in 10ms (Views: 8.5ms | ActiveRecord: 0.0ms | Allocations: 4343)


Started GET "/en/static_pages/home" for ::1 at 2020-06-12 15:26:44 +0700
Processing by StaticPagesController#home as HTML
  Parameters: {"locale"=>"en"}
  Rendering static_pages/home.html.erb within layouts/application
  Rendered static_pages/home.html.erb within layouts/application (Duration: 1.1ms | Allocations: 612)
[Webpacker] Everything's up-to-date. Nothing to do
Completed 200 OK in 18ms (Views: 16.3ms | ActiveRecord: 0.0ms | Allocations: 4349)


Started GET "/en/static_pages/home" for ::1 at 2020-06-12 16:10:11 +0700
  [1m[35m (0.1ms)[0m  [1m[34mSELECT sqlite_version(*)[0m
Processing by StaticPagesController#home as HTML
  Parameters: {"locale"=>"en"}
  Rendering static_pages/home.html.erb within layouts/application
  Rendered static_pages/home.html.erb within layouts/application (Duration: 4.2ms | Allocations: 3744)
[Webpacker] Everything's up-to-date. Nothing to do
Completed 200 OK in 11ms (Views: 10.3ms | ActiveRecord: 0.0ms | Allocations: 8856)


Started GET "/en/static_pages/home" for ::1 at 2020-06-12 16:10:12 +0700
Processing by StaticPagesController#home as HTML
  Parameters: {"locale"=>"en"}
  Rendering static_pages/home.html.erb within layouts/application
  Rendered static_pages/home.html.erb within layouts/application (Duration: 0.8ms | Allocations: 612)
[Webpacker] Everything's up-to-date. Nothing to do
Completed 200 OK in 14ms (Views: 12.5ms | ActiveRecord: 0.0ms | Allocations: 4343)


Started GET "/vi/static_pages/home" for ::1 at 2020-06-12 16:10:13 +0700
Processing by StaticPagesController#home as HTML
  Parameters: {"locale"=>"vi"}
  Rendering static_pages/home.html.erb within layouts/application
  Rendered static_pages/home.html.erb within layouts/application (Duration: 0.6ms | Allocations: 613)
[Webpacker] Everything's up-to-date. Nothing to do
Completed 200 OK in 7ms (Views: 6.6ms | ActiveRecord: 0.0ms | Allocations: 4860)


Started GET "/en/static_pages/home" for ::1 at 2020-06-12 16:10:14 +0700
Processing by StaticPagesController#home as HTML
  Parameters: {"locale"=>"en"}
  Rendering static_pages/home.html.erb within layouts/application
  Rendered static_pages/home.html.erb within layouts/application (Duration: 1.2ms | Allocations: 612)
[Webpacker] Everything's up-to-date. Nothing to do
Completed 200 OK in 18ms (Views: 15.7ms | ActiveRecord: 0.0ms | Allocations: 4339)


Started GET "/vi/static_pages/home" for ::1 at 2020-06-12 16:10:15 +0700
Processing by StaticPagesController#home as HTML
  Parameters: {"locale"=>"vi"}
  Rendering static_pages/home.html.erb within layouts/application
  Rendered static_pages/home.html.erb within layouts/application (Duration: 11.8ms | Allocations: 612)
[Webpacker] Everything's up-to-date. Nothing to do
Completed 200 OK in 25ms (Views: 22.7ms | ActiveRecord: 0.0ms | Allocations: 4342)


Started GET "/en/static_pages/home" for ::1 at 2020-06-12 16:10:16 +0700
Processing by StaticPagesController#home as HTML
  Parameters: {"locale"=>"en"}
  Rendering static_pages/home.html.erb within layouts/application
  Rendered static_pages/home.html.erb within layouts/application (Duration: 2.4ms | Allocations: 612)
[Webpacker] Everything's up-to-date. Nothing to do
Completed 200 OK in 23ms (Views: 20.7ms | ActiveRecord: 0.0ms | Allocations: 4341)


Started GET "/en/static_pages/home" for ::1 at 2020-06-12 16:10:29 +0700
  [1m[35m (0.7ms)[0m  [1m[34mSELECT sqlite_version(*)[0m
Processing by StaticPagesController#home as HTML
  Parameters: {"locale"=>"en"}
  Rendering static_pages/home.html.erb within layouts/application
  Rendered static_pages/home.html.erb within layouts/application (Duration: 5.6ms | Allocations: 4587)
[Webpacker] Everything's up-to-date. Nothing to do
Completed 200 OK in 24ms (Views: 18.8ms | ActiveRecord: 0.0ms | Allocations: 12820)


Started GET "/en/static_pages/home" for ::1 at 2020-06-12 16:10:29 +0700
Processing by StaticPagesController#home as HTML
  Parameters: {"locale"=>"en"}
  Rendering static_pages/home.html.erb within layouts/application
  Rendered static_pages/home.html.erb within layouts/application (Duration: 1.6ms | Allocations: 614)
[Webpacker] Everything's up-to-date. Nothing to do
Completed 200 OK in 19ms (Views: 16.8ms | ActiveRecord: 0.0ms | Allocations: 4354)


Started GET "/vi/static_pages/home" for ::1 at 2020-06-12 16:10:30 +0700
Processing by StaticPagesController#home as HTML
  Parameters: {"locale"=>"vi"}
  Rendering static_pages/home.html.erb within layouts/application
  Rendered static_pages/home.html.erb within layouts/application (Duration: 1.5ms | Allocations: 619)
[Webpacker] Everything's up-to-date. Nothing to do
Completed 200 OK in 16ms (Views: 13.3ms | ActiveRecord: 0.0ms | Allocations: 4868)


Started GET "/en/static_pages/home" for ::1 at 2020-06-12 16:10:31 +0700
Processing by StaticPagesController#home as HTML
  Parameters: {"locale"=>"en"}
  Rendering static_pages/home.html.erb within layouts/application
  Rendered static_pages/home.html.erb within layouts/application (Duration: 1.1ms | Allocations: 614)
[Webpacker] Everything's up-to-date. Nothing to do
Completed 200 OK in 18ms (Views: 16.6ms | ActiveRecord: 0.0ms | Allocations: 4356)


Started GET "/vi/static_pages/home" for ::1 at 2020-06-12 16:10:31 +0700
Processing by StaticPagesController#home as HTML
  Parameters: {"locale"=>"vi"}
  Rendering static_pages/home.html.erb within layouts/application
  Rendered static_pages/home.html.erb within layouts/application (Duration: 1.8ms | Allocations: 614)
[Webpacker] Everything's up-to-date. Nothing to do
Completed 200 OK in 23ms (Views: 20.6ms | ActiveRecord: 0.0ms | Allocations: 4354)


Started GET "/en/static_pages/home" for ::1 at 2020-06-12 16:10:32 +0700
Processing by StaticPagesController#home as HTML
  Parameters: {"locale"=>"en"}
  Rendering static_pages/home.html.erb within layouts/application
  Rendered static_pages/home.html.erb within layouts/application (Duration: 2.1ms | Allocations: 612)
[Webpacker] Everything's up-to-date. Nothing to do
Completed 200 OK in 22ms (Views: 19.6ms | ActiveRecord: 0.0ms | Allocations: 4347)


Started GET "/en/static_pages/help" for ::1 at 2020-06-12 16:10:34 +0700
Processing by StaticPagesController#help as HTML
  Parameters: {"locale"=>"en"}
  Rendering static_pages/help.html.erb within layouts/application
  Rendered static_pages/help.html.erb within layouts/application (Duration: 1.8ms | Allocations: 892)
[Webpacker] Everything's up-to-date. Nothing to do
Completed 200 OK in 14ms (Views: 11.2ms | ActiveRecord: 0.0ms | Allocations: 4792)


Started GET "/vi/static_pages/help" for ::1 at 2020-06-12 16:10:35 +0700
Processing by StaticPagesController#help as HTML
  Parameters: {"locale"=>"vi"}
  Rendering static_pages/help.html.erb within layouts/application
  Rendered static_pages/help.html.erb within layouts/application (Duration: 1.0ms | Allocations: 684)
[Webpacker] Everything's up-to-date. Nothing to do
Completed 200 OK in 13ms (Views: 10.3ms | ActiveRecord: 0.0ms | Allocations: 4529)


Started GET "/en/static_pages/help" for ::1 at 2020-06-12 16:10:36 +0700
Processing by StaticPagesController#help as HTML
  Parameters: {"locale"=>"en"}
  Rendering static_pages/help.html.erb within layouts/application
  Rendered static_pages/help.html.erb within layouts/application (Duration: 2.0ms | Allocations: 681)
[Webpacker] Everything's up-to-date. Nothing to do
Completed 200 OK in 20ms (Views: 17.7ms | ActiveRecord: 0.0ms | Allocations: 4412)


Started GET "/vi/static_pages/help" for ::1 at 2020-06-12 16:10:36 +0700
Processing by StaticPagesController#help as HTML
  Parameters: {"locale"=>"vi"}
  Rendering static_pages/help.html.erb within layouts/application
  Rendered static_pages/help.html.erb within layouts/application (Duration: 1.6ms | Allocations: 681)
[Webpacker] Everything's up-to-date. Nothing to do
Completed 200 OK in 19ms (Views: 16.9ms | ActiveRecord: 0.0ms | Allocations: 4419)


Started GET "/en/static_pages/help" for ::1 at 2020-06-12 16:10:37 +0700
Processing by StaticPagesController#help as HTML
  Parameters: {"locale"=>"en"}
  Rendering static_pages/help.html.erb within layouts/application
  Rendered static_pages/help.html.erb within layouts/application (Duration: 1.5ms | Allocations: 681)
[Webpacker] Everything's up-to-date. Nothing to do
Completed 200 OK in 19ms (Views: 17.2ms | ActiveRecord: 0.0ms | Allocations: 4414)


Started GET "/vi/static_pages/help" for ::1 at 2020-06-12 16:10:38 +0700
Processing by StaticPagesController#help as HTML
  Parameters: {"locale"=>"vi"}
  Rendering static_pages/help.html.erb within layouts/application
  Rendered static_pages/help.html.erb within layouts/application (Duration: 1.6ms | Allocations: 681)
[Webpacker] Everything's up-to-date. Nothing to do
Completed 200 OK in 15ms (Views: 13.3ms | ActiveRecord: 0.0ms | Allocations: 4410)


Started GET "/en/static_pages/help" for ::1 at 2020-06-12 16:10:38 +0700
Processing by StaticPagesController#help as HTML
  Parameters: {"locale"=>"en"}
  Rendering static_pages/help.html.erb within layouts/application
  Rendered static_pages/help.html.erb within layouts/application (Duration: 1.6ms | Allocations: 681)
[Webpacker] Everything's up-to-date. Nothing to do
Completed 200 OK in 19ms (Views: 17.4ms | ActiveRecord: 0.0ms | Allocations: 4416)


Started GET "/vi/static_pages/help" for ::1 at 2020-06-12 16:10:39 +0700
Processing by StaticPagesController#help as HTML
  Parameters: {"locale"=>"vi"}
  Rendering static_pages/help.html.erb within layouts/application
  Rendered static_pages/help.html.erb within layouts/application (Duration: 2.2ms | Allocations: 681)
[Webpacker] Everything's up-to-date. Nothing to do
Completed 200 OK in 20ms (Views: 17.5ms | ActiveRecord: 0.0ms | Allocations: 4413)


Started GET "/en/static_pages/help" for ::1 at 2020-06-12 16:10:40 +0700
Processing by StaticPagesController#help as HTML
  Parameters: {"locale"=>"en"}
  Rendering static_pages/help.html.erb within layouts/application
  Rendered static_pages/help.html.erb within layouts/application (Duration: 0.5ms | Allocations: 681)
[Webpacker] Everything's up-to-date. Nothing to do
Completed 200 OK in 6ms (Views: 4.9ms | ActiveRecord: 0.0ms | Allocations: 4414)


Started GET "/vi/static_pages/help" for ::1 at 2020-06-12 16:10:41 +0700
Processing by StaticPagesController#help as HTML
  Parameters: {"locale"=>"vi"}
  Rendering static_pages/help.html.erb within layouts/application
  Rendered static_pages/help.html.erb within layouts/application (Duration: 1.5ms | Allocations: 681)
[Webpacker] Everything's up-to-date. Nothing to do
Completed 200 OK in 20ms (Views: 18.3ms | ActiveRecord: 0.0ms | Allocations: 4421)


